2025-08-22 00:00:33.431 [http-nio-8080-exec-4] DEBUG o.s.security.web.FilterChainProxy - Securing GET /api/applications/public/all
2025-08-22 00:00:33.433 [http-nio-8080-exec-4] DEBUG o.s.s.w.a.AnonymousAuthenticationFilter - Set SecurityContextHolder to anonymous SecurityContext
2025-08-22 00:00:33.433 [http-nio-8080-exec-4] DEBUG o.s.security.web.FilterChainProxy - Secured GET /api/applications/public/all
2025-08-22 00:00:33.433 [http-nio-8080-exec-4] DEBUG o.s.web.servlet.DispatcherServlet - GET "/api/applications/public/all", parameters={}
2025-08-22 00:00:33.433 [http-nio-8080-exec-4] DEBUG o.s.w.s.m.m.a.RequestMappingHandlerMapping - Mapped to com.desafios.admision_mtn.controller.ApplicationController#getAllApplicationsPublic()
2025-08-22 00:00:33.439 [http-nio-8080-exec-4] DEBUG org.hibernate.SQL - 
    select
        a1_0.id,
        a1_0.additional_notes,
        au1_0.id,
        au1_0.active,
        au1_0.created_at,
        au1_0.educational_level,
        au1_0.email,
        au1_0.email_verified,
        au1_0.first_name,
        au1_0.last_name,
        au1_0.password,
        au1_0.phone,
        au1_0.role,
        au1_0.rut,
        au1_0.subject,
        au1_0.updated_at,
        a1_0.created_at,
        f1_0.id,
        f1_0.address,
        f1_0.created_at,
        f1_0.email,
        f1_0.full_name,
        f1_0.parent_type,
        f1_0.phone,
        f1_0.profession,
        f1_0.rut,
        f1_0.updated_at,
        g1_0.id,
        g1_0.created_at,
        g1_0.email,
        g1_0.full_name,
        g1_0.phone,
        g1_0.relationship,
        g1_0.rut,
        g1_0.updated_at,
        m1_0.id,
        m1_0.address,
        m1_0.created_at,
        m1_0.email,
        m1_0.full_name,
        m1_0.parent_type,
        m1_0.phone,
        m1_0.profession,
        m1_0.rut,
        m1_0.updated_at,
        a1_0.status,
        s1_0.id,
        s1_0.additional_notes,
        s1_0.address,
        s1_0.birth_date,
        s1_0.created_at,
        s1_0.current_school,
        s1_0.email,
        s1_0.first_name,
        s1_0.grade_applied,
        s1_0.paternal_last_name,
        s1_0.maternal_last_name,
        s1_0.rut,
        s1_0.school_applied,
        s1_0.updated_at,
        a1_0.submission_date,
        s2_0.id,
        s2_0.created_at,
        s2_0.email,
        s2_0.full_name,
        s2_0.phone,
        s2_0.relationship,
        s2_0.rut,
        s2_0.updated_at,
        a1_0.updated_at 
    from
        applications a1_0 
    join
        students s1_0 
            on s1_0.id=a1_0.student_id 
    join
        parents f1_0 
            on f1_0.id=a1_0.father_id 
    join
        parents m1_0 
            on m1_0.id=a1_0.mother_id 
    join
        supporters s2_0 
            on s2_0.id=a1_0.supporter_id 
    join
        guardians g1_0 
            on g1_0.id=a1_0.guardian_id 
    join
        users au1_0 
            on au1_0.id=a1_0.applicant_user_id 
    order by
        a1_0.created_at desc
2025-08-22 00:00:33.446 [http-nio-8080-exec-4] INFO  c.d.a.c.ApplicationController - Returning 0 applications for development
2025-08-22 00:00:33.447 [http-nio-8080-exec-4] DEBUG o.s.w.s.m.m.a.HttpEntityMethodProcessor - Using 'application/json', given [*/*] and supported [application/json, application/*+json]
2025-08-22 00:00:33.448 [http-nio-8080-exec-4] DEBUG o.s.w.s.m.m.a.HttpEntityMethodProcessor - Writing [[]]
2025-08-22 00:00:33.448 [http-nio-8080-exec-4] DEBUG o.s.web.servlet.DispatcherServlet - Completed 200 OK
2025-08-22 00:01:22.916 [http-nio-8080-exec-6] DEBUG o.s.security.web.FilterChainProxy - Securing GET /api/applications/public/mock-applications
2025-08-22 00:01:22.916 [http-nio-8080-exec-6] DEBUG o.s.s.w.a.AnonymousAuthenticationFilter - Set SecurityContextHolder to anonymous SecurityContext
2025-08-22 00:01:22.916 [http-nio-8080-exec-6] DEBUG o.s.security.web.FilterChainProxy - Secured GET /api/applications/public/mock-applications
2025-08-22 00:01:22.916 [http-nio-8080-exec-6] DEBUG o.s.web.servlet.DispatcherServlet - GET "/api/applications/public/mock-applications", parameters={}
2025-08-22 00:01:22.917 [http-nio-8080-exec-6] DEBUG o.s.w.s.m.m.a.RequestMappingHandlerMapping - Mapped to com.desafios.admision_mtn.controller.ApplicationController#getMockApplications()
2025-08-22 00:01:22.917 [http-nio-8080-exec-6] DEBUG o.s.w.s.m.m.a.HttpEntityMethodProcessor - Using 'application/json', given [*/*] and supported [application/json, application/*+json]
2025-08-22 00:01:22.917 [http-nio-8080-exec-6] DEBUG o.s.w.s.m.m.a.HttpEntityMethodProcessor - Writing [[{student={address=Av. Providencia 123, Santiago, lastName=Gangale González, birthDate=2015-03-15, c (truncated)...]
2025-08-22 00:01:22.918 [http-nio-8080-exec-6] DEBUG o.s.web.servlet.DispatcherServlet - Completed 200 OK
2025-08-22 00:10:34.072 [HikariPool-1:housekeeper] WARN  com.zaxxer.hikari.pool.HikariPool - HikariPool-1 - Thread starvation or clock leap detected (housekeeper delta=5m33s53ms).
2025-08-22 00:16:11.441 [HikariPool-1:housekeeper] WARN  com.zaxxer.hikari.pool.HikariPool - HikariPool-1 - Thread starvation or clock leap detected (housekeeper delta=5m37s370ms).
2025-08-22 00:25:55.737 [HikariPool-1:housekeeper] WARN  com.zaxxer.hikari.pool.HikariPool - HikariPool-1 - Thread starvation or clock leap detected (housekeeper delta=9m44s296ms).
2025-08-22 00:31:12.995 [HikariPool-1:housekeeper] WARN  com.zaxxer.hikari.pool.HikariPool - HikariPool-1 - Thread starvation or clock leap detected (housekeeper delta=5m17s258ms).
2025-08-22 00:36:47.380 [HikariPool-1:housekeeper] WARN  com.zaxxer.hikari.pool.HikariPool - HikariPool-1 - Thread starvation or clock leap detected (housekeeper delta=5m34s385ms).
2025-08-22 00:45:23.815 [HikariPool-1:housekeeper] WARN  com.zaxxer.hikari.pool.HikariPool - HikariPool-1 - Thread starvation or clock leap detected (housekeeper delta=8m36s435ms).
2025-08-22 00:50:57.462 [HikariPool-1:housekeeper] WARN  com.zaxxer.hikari.pool.HikariPool - HikariPool-1 - Thread starvation or clock leap detected (housekeeper delta=5m33s647ms).
2025-08-22 00:56:35.537 [HikariPool-1:housekeeper] WARN  com.zaxxer.hikari.pool.HikariPool - HikariPool-1 - Thread starvation or clock leap detected (housekeeper delta=5m38s75ms).
2025-08-22 01:07:19.269 [HikariPool-1:housekeeper] WARN  com.zaxxer.hikari.pool.HikariPool - HikariPool-1 - Thread starvation or clock leap detected (housekeeper delta=10m43s732ms).
2025-08-22 01:12:53.674 [HikariPool-1:housekeeper] WARN  com.zaxxer.hikari.pool.HikariPool - HikariPool-1 - Thread starvation or clock leap detected (housekeeper delta=5m34s405ms).
2025-08-22 01:20:49.444 [HikariPool-1:housekeeper] WARN  com.zaxxer.hikari.pool.HikariPool - HikariPool-1 - Thread starvation or clock leap detected (housekeeper delta=7m55s770ms).
2025-08-22 01:36:31.874 [HikariPool-1:housekeeper] WARN  com.zaxxer.hikari.pool.HikariPool - HikariPool-1 - Thread starvation or clock leap detected (housekeeper delta=15m42s430ms).
2025-08-22 01:52:14.536 [HikariPool-1:housekeeper] WARN  com.zaxxer.hikari.pool.HikariPool - HikariPool-1 - Thread starvation or clock leap detected (housekeeper delta=15m42s662ms).
2025-08-22 02:01:06.165 [HikariPool-1:housekeeper] WARN  com.zaxxer.hikari.pool.HikariPool - HikariPool-1 - Thread starvation or clock leap detected (housekeeper delta=8m51s629ms).
2025-08-22 02:11:16.673 [HikariPool-1:housekeeper] WARN  com.zaxxer.hikari.pool.HikariPool - HikariPool-1 - Thread starvation or clock leap detected (housekeeper delta=10m10s508ms).
2025-08-22 02:16:51.966 [HikariPool-1:housekeeper] WARN  com.zaxxer.hikari.pool.HikariPool - HikariPool-1 - Thread starvation or clock leap detected (housekeeper delta=5m35s293ms).
2025-08-22 02:27:29.185 [HikariPool-1:housekeeper] WARN  com.zaxxer.hikari.pool.HikariPool - HikariPool-1 - Thread starvation or clock leap detected (housekeeper delta=10m37s218ms).
2025-08-22 02:33:04.343 [HikariPool-1:housekeeper] WARN  com.zaxxer.hikari.pool.HikariPool - HikariPool-1 - Thread starvation or clock leap detected (housekeeper delta=5m35s159ms).
2025-08-22 02:43:34.612 [HikariPool-1:housekeeper] WARN  com.zaxxer.hikari.pool.HikariPool - HikariPool-1 - Thread starvation or clock leap detected (housekeeper delta=10m30s269ms).
2025-08-22 02:49:08.052 [HikariPool-1:housekeeper] WARN  com.zaxxer.hikari.pool.HikariPool - HikariPool-1 - Thread starvation or clock leap detected (housekeeper delta=5m33s440ms).
2025-08-22 02:54:42.620 [HikariPool-1:housekeeper] WARN  com.zaxxer.hikari.pool.HikariPool - HikariPool-1 - Thread starvation or clock leap detected (housekeeper delta=5m34s568ms).
2025-08-22 03:00:17.836 [HikariPool-1:housekeeper] WARN  com.zaxxer.hikari.pool.HikariPool - HikariPool-1 - Thread starvation or clock leap detected (housekeeper delta=5m35s216ms).
2025-08-22 03:05:51.816 [HikariPool-1:housekeeper] WARN  com.zaxxer.hikari.pool.HikariPool - HikariPool-1 - Thread starvation or clock leap detected (housekeeper delta=5m33s980ms).
2025-08-22 03:11:26.145 [HikariPool-1:housekeeper] WARN  com.zaxxer.hikari.pool.HikariPool - HikariPool-1 - Thread starvation or clock leap detected (housekeeper delta=5m34s329ms).
2025-08-22 03:17:02.171 [HikariPool-1:housekeeper] WARN  com.zaxxer.hikari.pool.HikariPool - HikariPool-1 - Thread starvation or clock leap detected (housekeeper delta=5m36s26ms).
2025-08-22 03:22:36.430 [HikariPool-1:housekeeper] WARN  com.zaxxer.hikari.pool.HikariPool - HikariPool-1 - Thread starvation or clock leap detected (housekeeper delta=5m34s259ms).
2025-08-22 03:28:09.324 [HikariPool-1:housekeeper] WARN  com.zaxxer.hikari.pool.HikariPool - HikariPool-1 - Thread starvation or clock leap detected (housekeeper delta=5m32s894ms).
2025-08-22 03:33:41.130 [HikariPool-1:housekeeper] WARN  com.zaxxer.hikari.pool.HikariPool - HikariPool-1 - Thread starvation or clock leap detected (housekeeper delta=5m31s806ms).
2025-08-22 03:39:18.934 [HikariPool-1:housekeeper] WARN  com.zaxxer.hikari.pool.HikariPool - HikariPool-1 - Thread starvation or clock leap detected (housekeeper delta=5m37s804ms).
2025-08-22 03:42:41.707 [HikariPool-1:housekeeper] WARN  com.zaxxer.hikari.pool.HikariPool - HikariPool-1 - Thread starvation or clock leap detected (housekeeper delta=3m22s773ms).
2025-08-22 03:53:21.390 [HikariPool-1:housekeeper] WARN  com.zaxxer.hikari.pool.HikariPool - HikariPool-1 - Thread starvation or clock leap detected (housekeeper delta=10m39s683ms).
2025-08-22 03:58:53.390 [HikariPool-1:housekeeper] WARN  com.zaxxer.hikari.pool.HikariPool - HikariPool-1 - Thread starvation or clock leap detected (housekeeper delta=5m32s).
2025-08-22 04:04:25.808 [HikariPool-1:housekeeper] WARN  com.zaxxer.hikari.pool.HikariPool - HikariPool-1 - Thread starvation or clock leap detected (housekeeper delta=5m32s418ms).
2025-08-22 04:10:01.121 [HikariPool-1:housekeeper] WARN  com.zaxxer.hikari.pool.HikariPool - HikariPool-1 - Thread starvation or clock leap detected (housekeeper delta=5m35s312ms).
2025-08-22 04:15:34.089 [HikariPool-1:housekeeper] WARN  com.zaxxer.hikari.pool.HikariPool - HikariPool-1 - Thread starvation or clock leap detected (housekeeper delta=5m32s969ms).
2025-08-22 04:26:41.674 [HikariPool-1:housekeeper] WARN  com.zaxxer.hikari.pool.HikariPool - HikariPool-1 - Thread starvation or clock leap detected (housekeeper delta=10m37s579ms).
2025-08-22 04:32:13.121 [HikariPool-1:housekeeper] WARN  com.zaxxer.hikari.pool.HikariPool - HikariPool-1 - Thread starvation or clock leap detected (housekeeper delta=5m31s447ms).
2025-08-22 04:37:46.523 [HikariPool-1:housekeeper] WARN  com.zaxxer.hikari.pool.HikariPool - HikariPool-1 - Thread starvation or clock leap detected (housekeeper delta=5m33s402ms).
2025-08-22 04:43:19.961 [HikariPool-1:housekeeper] WARN  com.zaxxer.hikari.pool.HikariPool - HikariPool-1 - Thread starvation or clock leap detected (housekeeper delta=5m33s438ms).
2025-08-22 04:48:53.752 [HikariPool-1:housekeeper] WARN  com.zaxxer.hikari.pool.HikariPool - HikariPool-1 - Thread starvation or clock leap detected (housekeeper delta=5m33s791ms).
2025-08-22 04:54:29.411 [HikariPool-1:housekeeper] WARN  com.zaxxer.hikari.pool.HikariPool - HikariPool-1 - Thread starvation or clock leap detected (housekeeper delta=5m35s659ms).
2025-08-22 05:00:04.186 [HikariPool-1:housekeeper] WARN  com.zaxxer.hikari.pool.HikariPool - HikariPool-1 - Thread starvation or clock leap detected (housekeeper delta=5m34s775ms).
2025-08-22 05:05:37.941 [HikariPool-1:housekeeper] WARN  com.zaxxer.hikari.pool.HikariPool - HikariPool-1 - Thread starvation or clock leap detected (housekeeper delta=5m33s754ms).
2025-08-22 05:11:10.853 [HikariPool-1:housekeeper] WARN  com.zaxxer.hikari.pool.HikariPool - HikariPool-1 - Thread starvation or clock leap detected (housekeeper delta=5m32s913ms).
2025-08-22 05:17:29.669 [HikariPool-1:housekeeper] WARN  com.zaxxer.hikari.pool.HikariPool - HikariPool-1 - Thread starvation or clock leap detected (housekeeper delta=6m18s816ms).
2025-08-22 05:23:02.168 [HikariPool-1:housekeeper] WARN  com.zaxxer.hikari.pool.HikariPool - HikariPool-1 - Thread starvation or clock leap detected (housekeeper delta=5m32s499ms).
2025-08-22 05:28:36.930 [HikariPool-1:housekeeper] WARN  com.zaxxer.hikari.pool.HikariPool - HikariPool-1 - Thread starvation or clock leap detected (housekeeper delta=5m34s761ms).
2025-08-22 05:39:11.491 [HikariPool-1:housekeeper] WARN  com.zaxxer.hikari.pool.HikariPool - HikariPool-1 - Thread starvation or clock leap detected (housekeeper delta=10m34s562ms).
2025-08-22 05:44:44.919 [HikariPool-1:housekeeper] WARN  com.zaxxer.hikari.pool.HikariPool - HikariPool-1 - Thread starvation or clock leap detected (housekeeper delta=5m33s428ms).
2025-08-22 05:50:16.507 [HikariPool-1:housekeeper] WARN  com.zaxxer.hikari.pool.HikariPool - HikariPool-1 - Thread starvation or clock leap detected (housekeeper delta=5m31s587ms).
2025-08-22 05:55:48.172 [HikariPool-1:housekeeper] WARN  com.zaxxer.hikari.pool.HikariPool - HikariPool-1 - Thread starvation or clock leap detected (housekeeper delta=5m31s666ms).
2025-08-22 06:17:35.176 [HikariPool-1:housekeeper] WARN  com.zaxxer.hikari.pool.HikariPool - HikariPool-1 - Thread starvation or clock leap detected (housekeeper delta=21m47s4ms).
2025-08-22 06:30:21.512 [HikariPool-1:housekeeper] WARN  com.zaxxer.hikari.pool.HikariPool - HikariPool-1 - Thread starvation or clock leap detected (housekeeper delta=12m46s336ms).
2025-08-22 06:35:56.821 [HikariPool-1:housekeeper] WARN  com.zaxxer.hikari.pool.HikariPool - HikariPool-1 - Thread starvation or clock leap detected (housekeeper delta=5m35s309ms).
2025-08-22 06:36:54.508 [HikariPool-1:housekeeper] WARN  com.zaxxer.hikari.pool.HikariPool - HikariPool-1 - Thread starvation or clock leap detected (housekeeper delta=57s687ms).
2025-08-22 07:22:34.088 [HikariPool-1:housekeeper] WARN  com.zaxxer.hikari.pool.HikariPool - HikariPool-1 - Thread starvation or clock leap detected (housekeeper delta=45m39s580ms).
2025-08-22 07:38:15.032 [HikariPool-1:housekeeper] WARN  com.zaxxer.hikari.pool.HikariPool - HikariPool-1 - Thread starvation or clock leap detected (housekeeper delta=15m40s943ms).
